..\..\..\lib\Win32\Debug\SHO_GS_LIB.bsc
F:\TRIGGERSOFT\IROSE SERVER SOURCE\LIB\WIN32\DEBUG\D_SHO_GS_LIB.LIB
F:\TRIGGERSOFT\IROSE SERVER SOURCE\SERVER\SHO_GS\OBJS\WIN32\DEBUG\SHO_GS_LIB\AI_ACTION.SBR
F:\TRIGGERSOFT\IROSE SERVER SOURCE\SERVER\SHO_GS\OBJS\WIN32\DEBUG\SHO_GS_LIB\AI_CONDITION.SBR
F:\TRIGGERSOFT\IROSE SERVER SOURCE\SERVER\SHO_GS\OBJS\WIN32\DEBUG\SHO_GS_LIB\ALPHABETCVT.SBR
F:\TRIGGERSOFT\IROSE SERVER SOURCE\SERVER\SHO_GS\OBJS\WIN32\DEBUG\SHO_GS_LIB\ALPHABETCVT1.OBJ
F:\Triggersoft\Irose Server Source\Server\SHO_GS\objs\Win32\Debug\SHO_GS_LIB\BscMake.command.1.tlog
F:\Triggersoft\Irose Server Source\Server\SHO_GS\objs\Win32\Debug\SHO_GS_LIB\bscmake.read.1.tlog
F:\Triggersoft\Irose Server Source\Server\SHO_GS\objs\Win32\Debug\SHO_GS_LIB\bscmake.write.1.tlog
F:\TRIGGERSOFT\IROSE SERVER SOURCE\SERVER\SHO_GS\OBJS\WIN32\DEBUG\SHO_GS_LIB\CAI_FILE.SBR
F:\TRIGGERSOFT\IROSE SERVER SOURCE\SERVER\SHO_GS\OBJS\WIN32\DEBUG\SHO_GS_LIB\CALCULATION.SBR
F:\TRIGGERSOFT\IROSE SERVER SOURCE\SERVER\SHO_GS\OBJS\WIN32\DEBUG\SHO_GS_LIB\CASSERTNEW.SBR
F:\TRIGGERSOFT\IROSE SERVER SOURCE\SERVER\SHO_GS\OBJS\WIN32\DEBUG\SHO_GS_LIB\CCHARDATA.SBR
F:\TRIGGERSOFT\IROSE SERVER SOURCE\SERVER\SHO_GS\OBJS\WIN32\DEBUG\SHO_GS_LIB\CCHATROOM.SBR
F:\TRIGGERSOFT\IROSE SERVER SOURCE\SERVER\SHO_GS\OBJS\WIN32\DEBUG\SHO_GS_LIB\CECONOMY.SBR
F:\TRIGGERSOFT\IROSE SERVER SOURCE\SERVER\SHO_GS\OBJS\WIN32\DEBUG\SHO_GS_LIB\CGAMEOBJ.SBR
F:\TRIGGERSOFT\IROSE SERVER SOURCE\SERVER\SHO_GS\OBJS\WIN32\DEBUG\SHO_GS_LIB\CHEATCMD.SBR
F:\TRIGGERSOFT\IROSE SERVER SOURCE\SERVER\SHO_GS\OBJS\WIN32\DEBUG\SHO_GS_LIB\CHOTICON.SBR
F:\TRIGGERSOFT\IROSE SERVER SOURCE\SERVER\SHO_GS\OBJS\WIN32\DEBUG\SHO_GS_LIB\CINGSTATUS.SBR
F:\TRIGGERSOFT\IROSE SERVER SOURCE\SERVER\SHO_GS\OBJS\WIN32\DEBUG\SHO_GS_LIB\CINVENTORY.SBR
F:\TRIGGERSOFT\IROSE SERVER SOURCE\SERVER\SHO_GS\OBJS\WIN32\DEBUG\SHO_GS_LIB\CITEM.SBR
F:\Triggersoft\Irose Server Source\Server\SHO_GS\objs\Win32\Debug\SHO_GS_LIB\cl.command.1.tlog
F:\Triggersoft\Irose Server Source\Server\SHO_GS\objs\Win32\Debug\SHO_GS_LIB\CL.read.1.tlog
F:\Triggersoft\Irose Server Source\Server\SHO_GS\objs\Win32\Debug\SHO_GS_LIB\CL.write.1.tlog
F:\TRIGGERSOFT\IROSE SERVER SOURCE\SERVER\SHO_GS\OBJS\WIN32\DEBUG\SHO_GS_LIB\COBJAI.SBR
F:\TRIGGERSOFT\IROSE SERVER SOURCE\SERVER\SHO_GS\OBJS\WIN32\DEBUG\SHO_GS_LIB\COBJAVT.SBR
F:\TRIGGERSOFT\IROSE SERVER SOURCE\SERVER\SHO_GS\OBJS\WIN32\DEBUG\SHO_GS_LIB\COBJCHAR.SBR
F:\TRIGGERSOFT\IROSE SERVER SOURCE\SERVER\SHO_GS\OBJS\WIN32\DEBUG\SHO_GS_LIB\COBJEVENT.SBR
F:\TRIGGERSOFT\IROSE SERVER SOURCE\SERVER\SHO_GS\OBJS\WIN32\DEBUG\SHO_GS_LIB\COBJITEM.SBR
F:\TRIGGERSOFT\IROSE SERVER SOURCE\SERVER\SHO_GS\OBJS\WIN32\DEBUG\SHO_GS_LIB\COBJNPC.SBR
F:\TRIGGERSOFT\IROSE SERVER SOURCE\SERVER\SHO_GS\OBJS\WIN32\DEBUG\SHO_GS_LIB\CQUEST.SBR
F:\TRIGGERSOFT\IROSE SERVER SOURCE\SERVER\SHO_GS\OBJS\WIN32\DEBUG\SHO_GS_LIB\CREGENAREA.SBR
F:\TRIGGERSOFT\IROSE SERVER SOURCE\SERVER\SHO_GS\OBJS\WIN32\DEBUG\SHO_GS_LIB\CTHREADGUILD.SBR
F:\TRIGGERSOFT\IROSE SERVER SOURCE\SERVER\SHO_GS\OBJS\WIN32\DEBUG\SHO_GS_LIB\CTHREADLOG.SBR
F:\TRIGGERSOFT\IROSE SERVER SOURCE\SERVER\SHO_GS\OBJS\WIN32\DEBUG\SHO_GS_LIB\CTHREADMSGR.SBR
F:\TRIGGERSOFT\IROSE SERVER SOURCE\SERVER\SHO_GS\OBJS\WIN32\DEBUG\SHO_GS_LIB\CUSERDATA.SBR
F:\TRIGGERSOFT\IROSE SERVER SOURCE\SERVER\SHO_GS\OBJS\WIN32\DEBUG\SHO_GS_LIB\ETC_MATH.SBR
F:\TRIGGERSOFT\IROSE SERVER SOURCE\SERVER\SHO_GS\OBJS\WIN32\DEBUG\SHO_GS_LIB\GS_LISTUSER.SBR
F:\TRIGGERSOFT\IROSE SERVER SOURCE\SERVER\SHO_GS\OBJS\WIN32\DEBUG\SHO_GS_LIB\GS_OBJPOOL.SBR
F:\TRIGGERSOFT\IROSE SERVER SOURCE\SERVER\SHO_GS\OBJS\WIN32\DEBUG\SHO_GS_LIB\GS_PARTY.SBR
F:\TRIGGERSOFT\IROSE SERVER SOURCE\SERVER\SHO_GS\OBJS\WIN32\DEBUG\SHO_GS_LIB\GS_SOCKETASV.SBR
F:\TRIGGERSOFT\IROSE SERVER SOURCE\SERVER\SHO_GS\OBJS\WIN32\DEBUG\SHO_GS_LIB\GS_SOCKETLSV.SBR
F:\TRIGGERSOFT\IROSE SERVER SOURCE\SERVER\SHO_GS\OBJS\WIN32\DEBUG\SHO_GS_LIB\GS_THREADLOG.SBR
F:\TRIGGERSOFT\IROSE SERVER SOURCE\SERVER\SHO_GS\OBJS\WIN32\DEBUG\SHO_GS_LIB\GS_THREADMALL.SBR
F:\TRIGGERSOFT\IROSE SERVER SOURCE\SERVER\SHO_GS\OBJS\WIN32\DEBUG\SHO_GS_LIB\GS_THREADSQL.SBR
F:\TRIGGERSOFT\IROSE SERVER SOURCE\SERVER\SHO_GS\OBJS\WIN32\DEBUG\SHO_GS_LIB\GS_THREADZONE.SBR
F:\TRIGGERSOFT\IROSE SERVER SOURCE\SERVER\SHO_GS\OBJS\WIN32\DEBUG\SHO_GS_LIB\GS_USER.SBR
F:\TRIGGERSOFT\IROSE SERVER SOURCE\SERVER\SHO_GS\OBJS\WIN32\DEBUG\SHO_GS_LIB\IO_AI.SBR
F:\TRIGGERSOFT\IROSE SERVER SOURCE\SERVER\SHO_GS\OBJS\WIN32\DEBUG\SHO_GS_LIB\IO_MOTION.SBR
F:\TRIGGERSOFT\IROSE SERVER SOURCE\SERVER\SHO_GS\OBJS\WIN32\DEBUG\SHO_GS_LIB\IO_PAT.SBR
F:\TRIGGERSOFT\IROSE SERVER SOURCE\SERVER\SHO_GS\OBJS\WIN32\DEBUG\SHO_GS_LIB\IO_QUEST.SBR
F:\TRIGGERSOFT\IROSE SERVER SOURCE\SERVER\SHO_GS\OBJS\WIN32\DEBUG\SHO_GS_LIB\IO_SKILL.SBR
F:\TRIGGERSOFT\IROSE SERVER SOURCE\SERVER\SHO_GS\OBJS\WIN32\DEBUG\SHO_GS_LIB\IO_STB.SBR
F:\Triggersoft\Irose Server Source\Server\SHO_GS\objs\Win32\Debug\SHO_GS_LIB\lib.command.1.tlog
F:\TRIGGERSOFT\IROSE SERVER SOURCE\SERVER\SHO_GS\OBJS\WIN32\DEBUG\SHO_GS_LIB\LIB_GSMAIN.SBR
F:\Triggersoft\Irose Server Source\Server\SHO_GS\objs\Win32\Debug\SHO_GS_LIB\Lib-link.read.1.tlog
F:\Triggersoft\Irose Server Source\Server\SHO_GS\objs\Win32\Debug\SHO_GS_LIB\Lib-link.write.1.tlog
F:\TRIGGERSOFT\IROSE SERVER SOURCE\SERVER\SHO_GS\OBJS\WIN32\DEBUG\SHO_GS_LIB\MD5.SBR
F:\TRIGGERSOFT\IROSE SERVER SOURCE\SERVER\SHO_GS\OBJS\WIN32\DEBUG\SHO_GS_LIB\MINIDUMPER.SBR
F:\TRIGGERSOFT\IROSE SERVER SOURCE\SERVER\SHO_GS\OBJS\WIN32\DEBUG\SHO_GS_LIB\OBJECT.SBR
F:\Triggersoft\Irose Server Source\Server\SHO_GS\objs\Win32\Debug\SHO_GS_LIB\SHO_GS_LIB.vcxprojResolveAssemblyReference.cache
F:\Triggersoft\Irose Server Source\Server\SHO_GS\objs\Win32\Debug\SHO_GS_LIB\SHO_GS_LIB.write.1.tlog
F:\TRIGGERSOFT\IROSE SERVER SOURCE\SERVER\SHO_GS\OBJS\WIN32\DEBUG\SHO_GS_LIB\ZONEFILE.SBR
F:\TRIGGERSOFT\IROSE SERVER SOURCE\SERVER\SHO_GS\OBJS\WIN32\DEBUG\SHO_GS_LIB\ZONELIST.SBR
F:\TRIGGERSOFT\IROSE SERVER SOURCE\SERVER\SHO_GS\OBJS\WIN32\DEBUG\SHO_GS_LIB\ZONESECTOR.SBR
F:\TRIGGERSOFT\IROSE SERVER SOURCE\SERVER\SHO_GS\SHO_GS_LIB\DEBUG\AI_ACTION.OBJ
F:\TRIGGERSOFT\IROSE SERVER SOURCE\SERVER\SHO_GS\SHO_GS_LIB\DEBUG\AI_CONDITION.OBJ
F:\TRIGGERSOFT\IROSE SERVER SOURCE\SERVER\SHO_GS\SHO_GS_LIB\DEBUG\CAI_FILE.OBJ
F:\TRIGGERSOFT\IROSE SERVER SOURCE\SERVER\SHO_GS\SHO_GS_LIB\DEBUG\CALCULATION.OBJ
F:\TRIGGERSOFT\IROSE SERVER SOURCE\SERVER\SHO_GS\SHO_GS_LIB\DEBUG\CASSERTNEW.OBJ
F:\TRIGGERSOFT\IROSE SERVER SOURCE\SERVER\SHO_GS\SHO_GS_LIB\DEBUG\CCHARDATA.OBJ
F:\TRIGGERSOFT\IROSE SERVER SOURCE\SERVER\SHO_GS\SHO_GS_LIB\DEBUG\CCHATROOM.OBJ
F:\TRIGGERSOFT\IROSE SERVER SOURCE\SERVER\SHO_GS\SHO_GS_LIB\DEBUG\CECONOMY.OBJ
F:\TRIGGERSOFT\IROSE SERVER SOURCE\SERVER\SHO_GS\SHO_GS_LIB\DEBUG\CGAMEOBJ.OBJ
F:\TRIGGERSOFT\IROSE SERVER SOURCE\SERVER\SHO_GS\SHO_GS_LIB\DEBUG\CHEATCMD.OBJ
F:\TRIGGERSOFT\IROSE SERVER SOURCE\SERVER\SHO_GS\SHO_GS_LIB\DEBUG\CHOTICON.OBJ
F:\TRIGGERSOFT\IROSE SERVER SOURCE\SERVER\SHO_GS\SHO_GS_LIB\DEBUG\CINGSTATUS.OBJ
F:\TRIGGERSOFT\IROSE SERVER SOURCE\SERVER\SHO_GS\SHO_GS_LIB\DEBUG\CINVENTORY.OBJ
F:\TRIGGERSOFT\IROSE SERVER SOURCE\SERVER\SHO_GS\SHO_GS_LIB\DEBUG\CITEM.OBJ
F:\TRIGGERSOFT\IROSE SERVER SOURCE\SERVER\SHO_GS\SHO_GS_LIB\DEBUG\COBJAI.OBJ
F:\TRIGGERSOFT\IROSE SERVER SOURCE\SERVER\SHO_GS\SHO_GS_LIB\DEBUG\COBJAVT.OBJ
F:\TRIGGERSOFT\IROSE SERVER SOURCE\SERVER\SHO_GS\SHO_GS_LIB\DEBUG\COBJCHAR.OBJ
F:\TRIGGERSOFT\IROSE SERVER SOURCE\SERVER\SHO_GS\SHO_GS_LIB\DEBUG\COBJEVENT.OBJ
F:\TRIGGERSOFT\IROSE SERVER SOURCE\SERVER\SHO_GS\SHO_GS_LIB\DEBUG\COBJITEM.OBJ
F:\TRIGGERSOFT\IROSE SERVER SOURCE\SERVER\SHO_GS\SHO_GS_LIB\DEBUG\COBJNPC.OBJ
F:\TRIGGERSOFT\IROSE SERVER SOURCE\SERVER\SHO_GS\SHO_GS_LIB\DEBUG\CQUEST.OBJ
F:\TRIGGERSOFT\IROSE SERVER SOURCE\SERVER\SHO_GS\SHO_GS_LIB\DEBUG\CREGENAREA.OBJ
F:\TRIGGERSOFT\IROSE SERVER SOURCE\SERVER\SHO_GS\SHO_GS_LIB\DEBUG\CTHREADGUILD.OBJ
F:\TRIGGERSOFT\IROSE SERVER SOURCE\SERVER\SHO_GS\SHO_GS_LIB\DEBUG\CTHREADLOG.OBJ
F:\TRIGGERSOFT\IROSE SERVER SOURCE\SERVER\SHO_GS\SHO_GS_LIB\DEBUG\CTHREADMSGR.OBJ
F:\TRIGGERSOFT\IROSE SERVER SOURCE\SERVER\SHO_GS\SHO_GS_LIB\DEBUG\CUSERDATA.OBJ
F:\TRIGGERSOFT\IROSE SERVER SOURCE\SERVER\SHO_GS\SHO_GS_LIB\DEBUG\ETC_MATH.OBJ
F:\TRIGGERSOFT\IROSE SERVER SOURCE\SERVER\SHO_GS\SHO_GS_LIB\DEBUG\GS_LISTUSER.OBJ
F:\TRIGGERSOFT\IROSE SERVER SOURCE\SERVER\SHO_GS\SHO_GS_LIB\DEBUG\GS_OBJPOOL.OBJ
F:\TRIGGERSOFT\IROSE SERVER SOURCE\SERVER\SHO_GS\SHO_GS_LIB\DEBUG\GS_PARTY.OBJ
F:\TRIGGERSOFT\IROSE SERVER SOURCE\SERVER\SHO_GS\SHO_GS_LIB\DEBUG\GS_SOCKETASV.OBJ
F:\TRIGGERSOFT\IROSE SERVER SOURCE\SERVER\SHO_GS\SHO_GS_LIB\DEBUG\GS_SOCKETLSV.OBJ
F:\TRIGGERSOFT\IROSE SERVER SOURCE\SERVER\SHO_GS\SHO_GS_LIB\DEBUG\GS_THREADLOG.OBJ
F:\TRIGGERSOFT\IROSE SERVER SOURCE\SERVER\SHO_GS\SHO_GS_LIB\DEBUG\GS_THREADMALL.OBJ
F:\TRIGGERSOFT\IROSE SERVER SOURCE\SERVER\SHO_GS\SHO_GS_LIB\DEBUG\GS_THREADSQL.OBJ
F:\TRIGGERSOFT\IROSE SERVER SOURCE\SERVER\SHO_GS\SHO_GS_LIB\DEBUG\GS_THREADZONE.OBJ
F:\TRIGGERSOFT\IROSE SERVER SOURCE\SERVER\SHO_GS\SHO_GS_LIB\DEBUG\GS_USER.OBJ
F:\TRIGGERSOFT\IROSE SERVER SOURCE\SERVER\SHO_GS\SHO_GS_LIB\DEBUG\IO_AI.OBJ
F:\TRIGGERSOFT\IROSE SERVER SOURCE\SERVER\SHO_GS\SHO_GS_LIB\DEBUG\IO_MOTION.OBJ
F:\TRIGGERSOFT\IROSE SERVER SOURCE\SERVER\SHO_GS\SHO_GS_LIB\DEBUG\IO_PAT.OBJ
F:\TRIGGERSOFT\IROSE SERVER SOURCE\SERVER\SHO_GS\SHO_GS_LIB\DEBUG\IO_QUEST.OBJ
F:\TRIGGERSOFT\IROSE SERVER SOURCE\SERVER\SHO_GS\SHO_GS_LIB\DEBUG\IO_SKILL.OBJ
F:\TRIGGERSOFT\IROSE SERVER SOURCE\SERVER\SHO_GS\SHO_GS_LIB\DEBUG\IO_STB.OBJ
F:\TRIGGERSOFT\IROSE SERVER SOURCE\SERVER\SHO_GS\SHO_GS_LIB\DEBUG\LIB_GSMAIN.OBJ
F:\TRIGGERSOFT\IROSE SERVER SOURCE\SERVER\SHO_GS\SHO_GS_LIB\DEBUG\MD5.OBJ
F:\TRIGGERSOFT\IROSE SERVER SOURCE\SERVER\SHO_GS\SHO_GS_LIB\DEBUG\MINIDUMPER.OBJ
F:\TRIGGERSOFT\IROSE SERVER SOURCE\SERVER\SHO_GS\SHO_GS_LIB\DEBUG\OBJECT.OBJ
F:\TRIGGERSOFT\IROSE SERVER SOURCE\SERVER\SHO_GS\SHO_GS_LIB\DEBUG\VC100.PDB
F:\TRIGGERSOFT\IROSE SERVER SOURCE\SERVER\SHO_GS\SHO_GS_LIB\DEBUG\ZONEFILE.OBJ
F:\TRIGGERSOFT\IROSE SERVER SOURCE\SERVER\SHO_GS\SHO_GS_LIB\DEBUG\ZONELIST.OBJ
F:\TRIGGERSOFT\IROSE SERVER SOURCE\SERVER\SHO_GS\SHO_GS_LIB\DEBUG\ZONESECTOR.OBJ
